Traceback (most recent call last):
  File "C:\Program Files\Python312\Lib\site-packages\jupyter_cache\executors\utils.py", line 58, in single_nb_execution
    executenb(
  File "C:\Program Files\Python312\Lib\site-packages\nbclient\client.py", line 1314, in execute
    return NotebookClient(nb=nb, resources=resources, km=km, **kwargs).execute()
           ^^^^^^^^^^^^^^^^^^^^^^^^^^^^^^^^^^^^^^^^^^^^^^^^^^^^^^^^^^^^^^^^^^^^^
  File "C:\Program Files\Python312\Lib\site-packages\jupyter_core\utils\__init__.py", line 165, in wrapped
    return loop.run_until_complete(inner)
           ^^^^^^^^^^^^^^^^^^^^^^^^^^^^^^
  File "C:\Program Files\Python312\Lib\asyncio\base_events.py", line 691, in run_until_complete
    return future.result()
           ^^^^^^^^^^^^^^^
  File "C:\Program Files\Python312\Lib\site-packages\nbclient\client.py", line 709, in async_execute
    await self.async_execute_cell(
  File "C:\Program Files\Python312\Lib\site-packages\nbclient\client.py", line 1062, in async_execute_cell
    await self._check_raise_for_error(cell, cell_index, exec_reply)
  File "C:\Program Files\Python312\Lib\site-packages\nbclient\client.py", line 918, in _check_raise_for_error
    raise CellExecutionError.from_cell_and_msg(cell, exec_reply_content)
nbclient.exceptions.CellExecutionError: An error occurred while executing the following cell:
------------------
from molass.Global.Options import set_molass_options
from molass.DataObjects import SecSaxsData as SSD
set_molass_options(flowchange=True)
original_data_folder = ORIGINAL_DATA
ssd0 = SSD(original_data_folder)
ssd0.plot_3d()
plot_result0 = ssd0.plot_trimming_info();
------------------


[1;31m---------------------------------------------------------------------------[0m
[1;31mAttributeError[0m                            Traceback (most recent call last)
Cell [1;32mIn[2], line 7[0m
[0;32m      5[0m ssd0 [38;5;241m=[39m SSD(original_data_folder)
[0;32m      6[0m ssd0[38;5;241m.[39mplot_3d()
[1;32m----> 7[0m plot_result0 [38;5;241m=[39m [43mssd0[49m[38;5;241;43m.[39;49m[43mplot_trimming_info[49m();

[1;31mAttributeError[0m: 'SecSaxsData' object has no attribute 'plot_trimming_info'

